<?xml version="1.0" encoding="UTF-8" ?>
<testsuite errors="0" failures="1" hostname="DESKTOP-AOPIRN9" name="ia.proyecto.SumaTest" skipped="0" tests="3" time="0.065" timestamp="2017-08-23T18:49:38">
  <properties>
[...]
</properties>
  <testcase classname="ia.proyecto.SumaTest" name="testSumaPositivos" time="0.002" />
  <testcase classname="ia.proyecto.SumaTest" name="testSumaNegativos" time="0.002" />
  <testcase classname="ia.proyecto.SumaTest" name="testSumaPositivoNegativo" time="0.009">
    <failure type="junit.framework.AssertionFailedError">junit.framework.AssertionFailedError
	at ia.proyecto.SumaTest.testSumaPositivoNegativo(SumaTest.java:28)
</failure>
  </testcase>
  <system-out><![CDATA[Sumando dos nÃºmeros positivos ...
Sumando dos nÃºmeros negativos ...
Sumando un nÃºmero positivo y un nÃºmero negativo ...
]]></system-out>
  <system-err><![CDATA[]]></system-err>
</testsuite>
